<?xml version="1.0" encoding="utf-8"?><testsuites name="pytest tests"><testsuite name="pytest" errors="0" failures="0" skipped="0" tests="29" time="16.353" timestamp="2026-02-27T04:31:24.289373+00:00" hostname="agent-env-e41631a7-5ad1-44f3-a061-13468068ec40"><testcase classname="backend.tests.test_admin_features.TestAuthentication" name="test_login_success" time="0.701" /><testcase classname="backend.tests.test_admin_features.TestAuthentication" name="test_login_invalid_credentials" time="0.376" /><testcase classname="backend.tests.test_admin_features.TestLeadManagement" name="test_get_leads_list" time="0.980" /><testcase classname="backend.tests.test_admin_features.TestLeadManagement" name="test_create_lead" time="0.375" /><testcase classname="backend.tests.test_admin_features.TestLeadManagement" name="test_update_lead_status" time="0.764" /><testcase classname="backend.tests.test_admin_features.TestLeadManagement" name="test_add_lead_note" time="0.751" /><testcase classname="backend.tests.test_admin_features.TestPackagesAndAddons" name="test_get_packages" time="0.376" /><testcase classname="backend.tests.test_admin_features.TestPackagesAndAddons" name="test_get_addons" time="0.386" /><testcase classname="backend.tests.test_admin_features.TestQuotationManagement" name="test_get_quotations_list" time="0.374" /><testcase classname="backend.tests.test_admin_features.TestQuotationManagement" name="test_create_quotation" time="0.727" /><testcase classname="backend.tests.test_admin_features.TestQuotationManagement" name="test_update_quotation_status" time="0.742" /><testcase classname="backend.tests.test_admin_features.TestQuotationManagement" name="test_get_quotation_pdf_data" time="0.742" /><testcase classname="backend.tests.test_admin_features.TestInvoiceManagement" name="test_get_invoices_list" time="0.362" /><testcase classname="backend.tests.test_admin_features.TestInvoiceManagement" name="test_create_direct_invoice" time="0.364" /><testcase classname="backend.tests.test_admin_features.TestInvoiceManagement" name="test_add_payment_to_invoice" time="0.725" /><testcase classname="backend.tests.test_admin_features.TestInvoiceManagement" name="test_get_invoice_pdf_data" time="0.753" /><testcase classname="backend.tests.test_admin_features.TestCalendarAndWalkins" name="test_get_calendar_data" time="0.364" /><testcase classname="backend.tests.test_admin_features.TestCalendarAndWalkins" name="test_get_walkin_appointments" time="0.361" /><testcase classname="backend.tests.test_admin_features.TestCalendarAndWalkins" name="test_create_walkin_appointment" time="0.371" /><testcase classname="backend.tests.test_admin_features.TestCalendarAndWalkins" name="test_delete_walkin_appointment" time="0.724" /><testcase classname="backend.tests.test_admin_features.TestExpenseManagement" name="test_get_expenses_list" time="0.380" /><testcase classname="backend.tests.test_admin_features.TestExpenseManagement" name="test_create_expense" time="0.753" /><testcase classname="backend.tests.test_admin_features.TestReports" name="test_get_revenue_report" time="0.361" /><testcase classname="backend.tests.test_admin_features.TestReports" name="test_get_pending_payments_report" time="0.364" /><testcase classname="backend.tests.test_admin_features.TestReports" name="test_get_lead_conversion_report" time="0.364" /><testcase classname="backend.tests.test_admin_features.TestReports" name="test_get_event_profit_report" time="0.481" /><testcase classname="backend.tests.test_admin_features.TestDashboard" name="test_get_dashboard_stats" time="0.372" /><testcase classname="backend.tests.test_admin_features.TestCleanup" name="test_cleanup_test_leads" time="1.095" /><testcase classname="backend.tests.test_admin_features.TestCleanup" name="test_cleanup_test_walkins" time="0.778" /></testsuite></testsuites>