<?xml version="1.0" encoding="utf-8"?><testsuites name="pytest tests"><testsuite name="pytest" errors="0" failures="0" skipped="0" tests="30" time="3.776" timestamp="2026-03-16T16:46:05.444709+00:00" hostname="agent-env-e41631a7-5ad1-44f3-a061-13468068ec40"><testcase classname="backend.tests.test_phase123_features.TestSuperAdminLogin" name="test_super_admin_login_success" time="0.460" /><testcase classname="backend.tests.test_phase123_features.TestClientManagement" name="test_get_all_clients" time="0.377" /><testcase classname="backend.tests.test_phase123_features.TestClientManagement" name="test_get_single_client" time="0.056" /><testcase classname="backend.tests.test_phase123_features.TestClientManagement" name="test_create_client_with_modules" time="0.286" /><testcase classname="backend.tests.test_phase123_features.TestClientManagement" name="test_update_client_modules" time="0.171" /><testcase classname="backend.tests.test_phase123_features.TestProductManagement" name="test_get_products_list" time="0.352" /><testcase classname="backend.tests.test_phase123_features.TestProductManagement" name="test_create_product" time="0.051" /><testcase classname="backend.tests.test_phase123_features.TestProductManagement" name="test_update_product" time="0.123" /><testcase classname="backend.tests.test_phase123_features.TestProductManagement" name="test_delete_product" time="0.219" /><testcase classname="backend.tests.test_phase123_features.TestProductCategories" name="test_get_product_categories" time="0.038" /><testcase classname="backend.tests.test_phase123_features.TestProductCategories" name="test_create_product_category" time="0.096" /><testcase classname="backend.tests.test_phase123_features.TestProductCategories" name="test_delete_product_category" time="0.100" /><testcase classname="backend.tests.test_phase123_features.TestGalleryManagement" name="test_get_gallery_list" time="0.043" /><testcase classname="backend.tests.test_phase123_features.TestGalleryManagement" name="test_add_gallery_image" time="0.055" /><testcase classname="backend.tests.test_phase123_features.TestGalleryManagement" name="test_update_gallery_image" time="0.151" /><testcase classname="backend.tests.test_phase123_features.TestGalleryManagement" name="test_delete_gallery_image" time="0.092" /><testcase classname="backend.tests.test_phase123_features.TestSiteContentEditor" name="test_get_site_content" time="0.043" /><testcase classname="backend.tests.test_phase123_features.TestSiteContentEditor" name="test_update_hero_section" time="0.048" /><testcase classname="backend.tests.test_phase123_features.TestSiteContentEditor" name="test_update_about_section" time="0.083" /><testcase classname="backend.tests.test_phase123_features.TestSiteContentEditor" name="test_update_contact_section" time="0.048" /><testcase classname="backend.tests.test_phase123_features.TestSiteContentEditor" name="test_update_footer_section" time="0.050" /><testcase classname="backend.tests.test_phase123_features.TestPublicWebsite" name="test_get_public_client" time="0.040" /><testcase classname="backend.tests.test_phase123_features.TestPublicWebsite" name="test_get_public_site_data" time="0.046" /><testcase classname="backend.tests.test_phase123_features.TestPublicWebsite" name="test_get_public_products" time="0.048" /><testcase classname="backend.tests.test_phase123_features.TestPublicWebsite" name="test_get_public_products_sorted" time="0.051" /><testcase classname="backend.tests.test_phase123_features.TestPublicWebsite" name="test_get_public_gallery" time="0.047" /><testcase classname="backend.tests.test_phase123_features.TestCleanup" name="test_cleanup_test_products" time="0.151" /><testcase classname="backend.tests.test_phase123_features.TestCleanup" name="test_cleanup_test_categories" time="0.091" /><testcase classname="backend.tests.test_phase123_features.TestCleanup" name="test_cleanup_test_gallery_images" time="0.166" /><testcase classname="backend.tests.test_phase123_features.TestCleanup" name="test_cleanup_test_clients" time="0.110" /></testsuite></testsuites>